{"C:\\Users\\admin\\Desktop\\FES Advanced Challenges\\questions\\maxSubarray\\index.js": {"path":"C:\\Users\\admin\\Desktop\\FES Advanced Challenges\\questions\\maxSubarray\\index.js","statementMap":{"0":{"start":{"line":12,"column":20},"end":{"line":45,"column":1}},"1":{"start":{"line":35,"column":15},"end":{"line":35,"column":22}},"2":{"start":{"line":36,"column":12},"end":{"line":36,"column":13}},"3":{"start":{"line":37,"column":2},"end":{"line":43,"column":3}},"4":{"start":{"line":37,"column":15},"end":{"line":37,"column":16}},"5":{"start":{"line":38,"column":4},"end":{"line":40,"column":5}},"6":{"start":{"line":39,"column":6},"end":{"line":39,"column":14}},"7":{"start":{"line":41,"column":4},"end":{"line":41,"column":19}},"8":{"start":{"line":42,"column":4},"end":{"line":42,"column":34}},"9":{"start":{"line":44,"column":2},"end":{"line":44,"column":16}},"10":{"start":{"line":48,"column":0},"end":{"line":48,"column":29}}},"fnMap":{"0":{"name":"(anonymous_0)","decl":{"start":{"line":12,"column":20},"end":{"line":12,"column":21}},"loc":{"start":{"line":12,"column":30},"end":{"line":45,"column":1}},"line":12}},"branchMap":{"0":{"loc":{"start":{"line":38,"column":4},"end":{"line":40,"column":5}},"type":"if","locations":[{"start":{"line":38,"column":4},"end":{"line":40,"column":5}},{"start":{},"end":{}}],"line":38}},"s":{"0":1,"1":4,"2":4,"3":4,"4":4,"5":23,"6":4,"7":23,"8":23,"9":4,"10":1},"f":{"0":4},"b":{"0":[4,19]},"_coverageSchema":"1a1c01bbd47fc00a2c39e90264f33305004495a9","hash":"be5059405c85241cf1da63c54db9202425557543"}
}
