{"C:\\Users\\admin\\Desktop\\FES Advanced Challenges\\questions\\binarySearch\\index.js": {"path":"C:\\Users\\admin\\Desktop\\FES Advanced Challenges\\questions\\binarySearch\\index.js","statementMap":{"0":{"start":{"line":15,"column":21},"end":{"line":40,"column":1}},"1":{"start":{"line":28,"column":22},"end":{"line":28,"column":23}},"2":{"start":{"line":29,"column":23},"end":{"line":29,"column":38}},"3":{"start":{"line":30,"column":4},"end":{"line":39,"column":5}},"4":{"start":{"line":31,"column":27},"end":{"line":31,"column":71}},"5":{"start":{"line":32,"column":8},"end":{"line":38,"column":9}},"6":{"start":{"line":33,"column":12},"end":{"line":33,"column":25}},"7":{"start":{"line":34,"column":15},"end":{"line":38,"column":9}},"8":{"start":{"line":35,"column":12},"end":{"line":35,"column":26}},"9":{"start":{"line":37,"column":12},"end":{"line":37,"column":31}},"10":{"start":{"line":42,"column":0},"end":{"line":42,"column":30}}},"fnMap":{"0":{"name":"(anonymous_0)","decl":{"start":{"line":15,"column":21},"end":{"line":15,"column":22}},"loc":{"start":{"line":15,"column":39},"end":{"line":40,"column":1}},"line":15}},"branchMap":{"0":{"loc":{"start":{"line":32,"column":8},"end":{"line":38,"column":9}},"type":"if","locations":[{"start":{"line":32,"column":8},"end":{"line":38,"column":9}},{"start":{"line":34,"column":15},"end":{"line":38,"column":9}}],"line":32},"1":{"loc":{"start":{"line":34,"column":15},"end":{"line":38,"column":9}},"type":"if","locations":[{"start":{"line":34,"column":15},"end":{"line":38,"column":9}},{"start":{"line":36,"column":15},"end":{"line":38,"column":9}}],"line":34}},"s":{"0":1,"1":4,"2":4,"3":4,"4":9,"5":9,"6":3,"7":6,"8":2,"9":4,"10":1},"f":{"0":4},"b":{"0":[3,6],"1":[2,4]},"_coverageSchema":"1a1c01bbd47fc00a2c39e90264f33305004495a9","hash":"2c4855d8763aca7a249d122d7e579cb54a46c66b"}
}
