TN:
SF:questions\maxChar\index.js
FN:9,(anonymous_0)
FNF:1
FNH:1
FNDA:3,(anonymous_0)
DA:9,1
DA:10,3
DA:11,3
DA:12,3
DA:13,3
DA:14,26
DA:17,3
DA:18,14
DA:19,3
DA:20,3
DA:24,3
DA:27,1
LF:12
LH:12
BRDA:14,0,0,26
BRDA:14,0,1,14
BRDA:18,1,0,3
BRDA:18,1,1,11
BRF:4
BRH:4
end_of_record
TN:
SF:solutions\maxChar\index.js
FN:10,(anonymous_0)
FNF:1
FNH:1
FNDA:3,(anonymous_0)
DA:10,1
DA:11,3
DA:12,3
DA:13,3
DA:15,3
DA:16,26
DA:17,12
DA:20,14
DA:24,3
DA:25,14
DA:26,3
DA:27,3
DA:31,3
DA:53,1
LF:14
LH:14
BRDA:16,0,0,12
BRDA:16,0,1,14
BRDA:25,1,0,3
BRDA:25,1,1,11
BRF:4
BRH:4
end_of_record
