TN:
SF:questions\anagrams\index.js
FN:12,(anonymous_0)
FNF:1
FNH:1
FNDA:5,(anonymous_0)
DA:12,1
DA:14,5
DA:15,5
DA:16,5
DA:17,45
DA:19,5
DA:20,52
DA:22,5
DA:23,3
DA:24,21
DA:25,0
DA:28,3
DA:30,2
DA:36,1
LF:14
LH:13
BRDA:17,0,0,45
BRDA:17,0,1,40
BRDA:17,1,0,40
BRDA:17,1,1,31
BRDA:20,2,0,52
BRDA:20,2,1,49
BRDA:20,3,0,49
BRDA:20,3,1,37
BRDA:22,4,0,3
BRDA:22,4,1,2
BRDA:24,5,0,0
BRDA:24,5,1,21
BRF:12
BRH:11
end_of_record
TN:
SF:questions\arrayChunk\index.js
FN:10,(anonymous_0)
FNF:1
FNH:1
FNDA:3,(anonymous_0)
DA:10,1
DA:11,3
DA:12,3
DA:13,7
DA:14,7
DA:17,3
DA:20,1
LF:7
LH:7
BRF:0
BRH:0
end_of_record
TN:
SF:questions\capitalize\index.js
FN:10,(anonymous_0)
FN:24,(anonymous_1)
FNF:2
FNH:2
FNDA:2,(anonymous_0)
FNDA:13,(anonymous_1)
DA:10,1
DA:24,13
DA:29,1
LF:3
LH:3
BRF:0
BRH:0
end_of_record
TN:
SF:questions\maxChar\index.js
FN:9,(anonymous_0)
FNF:1
FNH:1
FNDA:3,(anonymous_0)
DA:9,1
DA:10,3
DA:11,3
DA:12,3
DA:13,3
DA:14,26
DA:17,3
DA:18,14
DA:19,3
DA:20,3
DA:24,3
DA:27,1
LF:12
LH:12
BRDA:14,0,0,26
BRDA:14,0,1,14
BRDA:18,1,0,3
BRDA:18,1,1,11
BRF:4
BRH:4
end_of_record
TN:
SF:questions\palindrome\index.js
FN:12,(anonymous_0)
FNF:1
FNH:1
FNDA:6,(anonymous_0)
DA:12,1
DA:19,6
DA:20,6
DA:21,13
DA:22,2
DA:25,4
DA:28,1
LF:7
LH:7
BRDA:21,0,0,2
BRDA:21,0,1,11
BRF:2
BRH:2
end_of_record
TN:
SF:questions\pyramid\index.js
FN:20,(anonymous_0)
FNF:1
FNH:1
FNDA:3,(anonymous_0)
DA:20,1
DA:21,3
DA:22,9
DA:23,9
DA:24,9
DA:28,1
LF:6
LH:6
BRF:0
BRH:0
end_of_record
TN:
SF:questions\reverseInteger\index.js
FN:10,(anonymous_0)
FNF:1
FNH:1
FNDA:9,(anonymous_0)
DA:10,1
DA:11,9
DA:12,9
DA:15,1
LF:4
LH:4
BRDA:12,0,0,4
BRDA:12,0,1,5
BRF:2
BRH:2
end_of_record
TN:
SF:questions\reverseString\index.js
FN:16,(anonymous_0)
FN:28,(anonymous_1)
FNF:2
FNH:2
FNDA:3,(anonymous_0)
FNDA:21,(anonymous_1)
DA:16,1
DA:17,3
DA:28,3
DA:29,21
DA:35,1
LF:5
LH:5
BRF:0
BRH:0
end_of_record
TN:
SF:questions\steps\index.js
FN:20,(anonymous_0)
FNF:1
FNH:1
FNDA:3,(anonymous_0)
DA:20,1
DA:21,3
DA:22,9
DA:23,9
DA:27,1
LF:5
LH:5
BRF:0
BRH:0
end_of_record
TN:
SF:questions\stringifyId\index.js
FN:19,(anonymous_0)
FN:33,(anonymous_1)
FNF:2
FNH:2
FNDA:3,(anonymous_0)
FNDA:9,(anonymous_1)
DA:19,1
DA:33,9
DA:34,3
DA:35,3
DA:38,1
LF:5
LH:5
BRF:0
BRH:0
end_of_record
TN:
SF:solutions\anagrams\index.js
FN:15,(anonymous_0)
FN:19,(anonymous_1)
FN:26,(anonymous_2)
FN:43,(anonymous_3)
FN:53,(anonymous_4)
FNF:5
FNH:2
FNDA:5,(anonymous_0)
FNDA:10,(anonymous_1)
FNDA:0,(anonymous_2)
FNDA:0,(anonymous_3)
FNDA:0,(anonymous_4)
DA:15,1
DA:16,5
DA:19,1
DA:20,10
DA:26,1
DA:27,0
DA:28,0
DA:30,0
DA:31,0
DA:34,0
DA:35,0
DA:36,0
DA:40,0
DA:43,1
DA:44,0
DA:46,0
DA:47,0
DA:50,0
DA:53,1
DA:54,0
DA:57,1
LF:21
LH:8
BRDA:30,0,0,0
BRDA:30,0,1,0
BRDA:35,1,0,0
BRDA:35,1,1,0
BRDA:47,2,0,0
BRDA:47,2,1,0
BRF:6
BRH:0
end_of_record
TN:
SF:solutions\arrayChunk\index.js
FN:11,(anonymous_0)
FN:23,(anonymous_1)
FNF:2
FNH:1
FNDA:3,(anonymous_0)
FNDA:0,(anonymous_1)
DA:11,1
DA:12,3
DA:14,3
DA:15,7
DA:16,7
DA:19,3
DA:23,1
DA:24,0
DA:26,0
DA:27,0
DA:28,0
DA:30,0
DA:31,0
DA:34,0
DA:37,1
LF:15
LH:8
BRDA:27,0,0,0
BRDA:27,0,1,0
BRF:2
BRH:0
end_of_record
TN:
SF:solutions\capitalize\index.js
FN:10,(anonymous_0)
FN:19,(anonymous_1)
FNF:2
FNH:1
FNDA:2,(anonymous_0)
FNDA:0,(anonymous_1)
DA:10,1
DA:11,2
DA:12,2
DA:13,13
DA:14,13
DA:16,2
DA:19,1
DA:20,0
DA:22,0
DA:23,0
DA:24,0
DA:27,0
DA:31,0
DA:34,1
LF:14
LH:8
BRDA:23,0,0,0
BRDA:23,0,1,0
BRF:2
BRH:0
end_of_record
TN:
SF:solutions\maxChar\index.js
FN:10,(anonymous_0)
FNF:1
FNH:1
FNDA:3,(anonymous_0)
DA:10,1
DA:11,3
DA:12,3
DA:13,3
DA:15,3
DA:16,26
DA:17,12
DA:20,14
DA:24,3
DA:25,14
DA:26,3
DA:27,3
DA:31,3
DA:53,1
LF:14
LH:14
BRDA:16,0,0,12
BRDA:16,0,1,14
BRDA:25,1,0,3
BRDA:25,1,1,11
BRF:4
BRH:4
end_of_record
TN:
SF:solutions\palindrome\index.js
FN:13,(anonymous_0)
FNF:1
FNH:1
FNDA:5,(anonymous_0)
DA:13,1
DA:14,5
DA:15,5
DA:16,11
DA:17,11
DA:18,2
DA:21,3
DA:37,1
LF:8
LH:8
BRDA:17,0,0,2
BRDA:17,0,1,9
BRF:2
BRH:2
end_of_record
TN:
SF:solutions\pyramid\index.js
FN:20,(anonymous_0)
FNF:1
FNH:1
FNDA:3,(anonymous_0)
DA:20,1
DA:21,3
DA:22,3
DA:24,3
DA:25,9
DA:27,9
DA:28,61
DA:29,35
DA:32,26
DA:35,9
DA:39,1
LF:11
LH:11
BRDA:28,0,0,35
BRDA:28,0,1,26
BRDA:28,1,0,61
BRDA:28,1,1,48
BRF:4
BRH:4
end_of_record
TN:
SF:solutions\reverseInteger\index.js
FN:10,(anonymous_0)
FNF:1
FNH:1
FNDA:9,(anonymous_0)
DA:10,1
DA:11,9
DA:13,9
DA:16,1
LF:4
LH:4
BRF:0
BRH:0
end_of_record
TN:
SF:solutions\reverseString\index.js
FN:17,(anonymous_0)
FN:20,(anonymous_1)
FNF:2
FNH:2
FNDA:3,(anonymous_0)
FNDA:29,(anonymous_1)
DA:17,1
DA:18,3
DA:20,29
DA:52,1
LF:4
LH:4
BRF:0
BRH:0
end_of_record
TN:
SF:solutions\steps\index.js
FN:20,(anonymous_0)
FN:35,(anonymous_1)
FNF:2
FNH:1
FNDA:3,(anonymous_0)
FNDA:0,(anonymous_1)
DA:20,1
DA:21,3
DA:22,9
DA:23,9
DA:24,35
DA:25,22
DA:27,13
DA:30,9
DA:35,1
DA:37,0
DA:39,0
DA:41,0
DA:44,0
DA:47,0
DA:51,1
LF:15
LH:10
BRDA:24,0,0,22
BRDA:24,0,1,13
BRF:2
BRH:2
end_of_record
TN:
SF:solutions\stringifyId\index.js
FN:20,(anonymous_0)
FN:21,(anonymous_1)
FN:29,(anonymous_2)
FN:30,(anonymous_3)
FNF:4
FNH:2
FNDA:3,(anonymous_0)
FNDA:9,(anonymous_1)
FNDA:0,(anonymous_2)
FNDA:0,(anonymous_3)
DA:20,1
DA:21,9
DA:23,3
DA:25,3
DA:29,1
DA:30,0
DA:31,0
DA:32,0
DA:34,0
DA:35,0
DA:36,0
DA:40,0
DA:41,0
DA:42,0
DA:45,0
DA:49,0
DA:58,1
LF:17
LH:6
BRDA:35,0,0,0
BRDA:35,0,1,0
BRDA:41,1,0,0
BRDA:41,1,1,0
BRF:4
BRH:0
end_of_record
